# JRE version: Java(TM) SE Runtime Environment (17.0.2+8) (build 17.0.2+8-LTS-86)
# Java VM: Java HotSpot(TM) 64-Bit Server VM (17.0.2+8-LTS-86, mixed mode, sharing, tiered, compressed oops, compressed class ptrs, g1 gc, windows-amd64)
GC Precious Log:
 CPUs: 4 total, 4 available
 Memory: 8082M
 Large Page Support: Disabled
 NUMA Support: Disabled
 Compressed Oops: Enabled (32-bit)
 Heap Region Size: 1M
 Heap Min Capacity: 8M
 Heap Initial Capacity: 128M
 Heap Max Capacity: 2022M
 Pre-touch: Disabled
 Parallel Workers: 4
 Concurrent Workers: 1
 Concurrent Refinement Workers: 4
 Periodic GC: Disabled
Heap:
 garbage-first heap   total 276480K, used 178632K [0x0000000081a00000, 0x0000000100000000)
  region size 1024K, 6 young (6144K), 6 survivors (6144K)
 Metaspace       used 18565K, committed 18752K, reserved 1073152K
  class space    used 2103K, committed 2176K, reserved 1048576K
GC Heap History (20 events):
Event: 3.174 GC heap after
{Heap after GC invocations=6 (full 0):
 garbage-first heap   total 131072K, used 30108K [0x0000000081a00000, 0x0000000100000000)
  region size 1024K, 2 young (2048K), 2 survivors (2048K)
 Metaspace       used 13493K, committed 13632K, reserved 1064960K
  class space    used 1513K, committed 1600K, reserved 1048576K
}
Event: 3.307 GC heap before
{Heap before GC invocations=6 (full 0):
 garbage-first heap   total 131072K, used 101788K [0x0000000081a00000, 0x0000000100000000)
  region size 1024K, 72 young (73728K), 2 survivors (2048K)
 Metaspace       used 13493K, committed 13632K, reserved 1064960K
  class space    used 1513K, committed 1600K, reserved 1048576K
}
Event: 3.310 GC heap after
{Heap after GC invocations=7 (full 0):
 garbage-first heap   total 131072K, used 30842K [0x0000000081a00000, 0x0000000100000000)
  region size 1024K, 3 young (3072K), 3 survivors (3072K)
 Metaspace       used 13493K, committed 13632K, reserved 1064960K
  class space    used 1513K, committed 1600K, reserved 1048576K
}
Event: 3.472 GC heap before
{Heap before GC invocations=7 (full 0):
 garbage-first heap   total 131072K, used 104570K [0x0000000081a00000, 0x0000000100000000)
  region size 1024K, 75 young (76800K), 3 survivors (3072K)
 Metaspace       used 13497K, committed 13632K, reserved 1064960K
  class space    used 1513K, committed 1600K, reserved 1048576K
}
Event: 3.474 GC heap after
{Heap after GC invocations=8 (full 0):
 garbage-first heap   total 131072K, used 31859K [0x0000000081a00000, 0x0000000100000000)
  region size 1024K, 4 young (4096K), 4 survivors (4096K)
 Metaspace       used 13497K, committed 13632K, reserved 1064960K
  class space    used 1513K, committed 1600K, reserved 1048576K
}
Event: 3.916 GC heap before
{Heap before GC invocations=8 (full 0):
 garbage-first heap   total 131072K, used 105587K [0x0000000081a00000, 0x0000000100000000)
  region size 1024K, 76 young (77824K), 4 survivors (4096K)
 Metaspace       used 13657K, committed 13824K, reserved 1064960K
  class space    used 1545K, committed 1600K, reserved 1048576K
}
Event: 3.955 GC heap after
{Heap after GC invocations=9 (full 0):
 garbage-first heap   total 193536K, used 82109K [0x0000000081a00000, 0x0000000100000000)
  region size 1024K, 10 young (10240K), 10 survivors (10240K)
 Metaspace       used 13657K, committed 13824K, reserved 1064960K
  class space    used 1545K, committed 1600K, reserved 1048576K
}
Event: 4.123 GC heap before
{Heap before GC invocations=9 (full 0):
 garbage-first heap   total 193536K, used 128189K [0x0000000081a00000, 0x0000000100000000)
  region size 1024K, 55 young (56320K), 10 survivors (10240K)
 Metaspace       used 13657K, committed 13824K, reserved 1064960K
  class space    used 1545K, committed 1600K, reserved 1048576K
}
Event: 4.160 GC heap after
{Heap after GC invocations=10 (full 0):
 garbage-first heap   total 193536K, used 118272K [0x0000000081a00000, 0x0000000100000000)
  region size 1024K, 7 young (7168K), 7 survivors (7168K)
 Metaspace       used 13657K, committed 13824K, reserved 1064960K
  class space    used 1545K, committed 1600K, reserved 1048576K
}
Event: 4.229 GC heap before
{Heap before GC invocations=10 (full 0):
 garbage-first heap   total 193536K, used 140800K [0x0000000081a00000, 0x0000000100000000)
  region size 1024K, 29 young (29696K), 7 survivors (7168K)
 Metaspace       used 13662K, committed 13824K, reserved 1064960K
  class space    used 1548K, committed 1600K, reserved 1048576K
}
Event: 4.242 GC heap after
{Heap after GC invocations=11 (full 0):
 garbage-first heap   total 193536K, used 135744K [0x0000000081a00000, 0x0000000100000000)
  region size 1024K, 4 young (4096K), 4 survivors (4096K)
 Metaspace       used 13662K, committed 13824K, reserved 1064960K
  class space    used 1548K, committed 1600K, reserved 1048576K
}
Event: 4.591 GC heap before
{Heap before GC invocations=12 (full 0):
 garbage-first heap   total 229376K, used 149056K [0x0000000081a00000, 0x0000000100000000)
  region size 1024K, 18 young (18432K), 4 survivors (4096K)
 Metaspace       used 14231K, committed 14336K, reserved 1064960K
  class space    used 1605K, committed 1664K, reserved 1048576K
}
Event: 4.600 GC heap after
{Heap after GC invocations=13 (full 0):
 garbage-first heap   total 229376K, used 140288K [0x0000000081a00000, 0x0000000100000000)
  region size 1024K, 3 young (3072K), 3 survivors (3072K)
 Metaspace       used 14231K, committed 14336K, reserved 1064960K
  class space    used 1605K, committed 1664K, reserved 1048576K
}
Event: 4.778 GC heap before
{Heap before GC invocations=13 (full 0):
 garbage-first heap   total 229376K, used 167936K [0x0000000081a00000, 0x0000000100000000)
  region size 1024K, 30 young (30720K), 3 survivors (3072K)
 Metaspace       used 14262K, committed 14400K, reserved 1064960K
  class space    used 1605K, committed 1664K, reserved 1048576K
}
Event: 4.793 GC heap after
{Heap after GC invocations=14 (full 0):
 garbage-first heap   total 229376K, used 148390K [0x0000000081a00000, 0x0000000100000000)
  region size 1024K, 4 young (4096K), 4 survivors (4096K)
 Metaspace       used 14262K, committed 14400K, reserved 1064960K
  class space    used 1605K, committed 1664K, reserved 1048576K
}
Event: 5.006 GC heap before
{Heap before GC invocations=14 (full 0):
 garbage-first heap   total 276480K, used 173990K [0x0000000081a00000, 0x0000000100000000)
  region size 1024K, 29 young (29696K), 4 survivors (4096K)
 Metaspace       used 14280K, committed 14400K, reserved 1064960K
  class space    used 1605K, committed 1664K, reserved 1048576K
}
Event: 5.021 GC heap after
{Heap after GC invocations=15 (full 0):
 garbage-first heap   total 276480K, used 156006K [0x0000000081a00000, 0x0000000100000000)
  region size 1024K, 4 young (4096K), 4 survivors (4096K)
 Metaspace       used 14280K, committed 14400K, reserved 1064960K
  class space    used 1605K, committed 1664K, reserved 1048576K
}
Event: 5.218 GC heap before
{Heap before GC invocations=16 (full 0):
 garbage-first heap   total 276480K, used 200038K [0x0000000081a00000, 0x0000000100000000)
  region size 1024K, 47 young (48128K), 4 survivors (4096K)
 Metaspace       used 14298K, committed 14400K, reserved 1064960K
  class space    used 1605K, committed 1664K, reserved 1048576K
}
Event: 5.239 GC heap after
{Heap after GC invocations=17 (full 0):
 garbage-first heap   total 276480K, used 168960K [0x0000000081a00000, 0x0000000100000000)
  region size 1024K, 6 young (6144K), 6 survivors (6144K)
 Metaspace       used 14298K, committed 14400K, reserved 1064960K
  class space    used 1605K, committed 1664K, reserved 1048576K
}
Event: 5.937 GC heap before
{Heap before GC invocations=17 (full 0):
 garbage-first heap   total 276480K, used 208896K [0x0000000081a00000, 0x0000000100000000)
  region size 1024K, 45 young (46080K), 6 survivors (6144K)
 Metaspace       used 18565K, committed 18752K, reserved 1073152K
  class space    used 2103K, committed 2176K, reserved 1048576K
}

