# JRE version: Java(TM) SE Runtime Environment (17.0.2+8) (build 17.0.2+8-LTS-86)
# Java VM: Java HotSpot(TM) 64-Bit Server VM (17.0.2+8-LTS-86, mixed mode, sharing, tiered, compressed oops, compressed class ptrs, g1 gc, windows-amd64)
GC Precious Log:
 CPUs: 4 total, 4 available
 Memory: 8082M
 Large Page Support: Disabled
 NUMA Support: Disabled
 Compressed Oops: Enabled (32-bit)
 Heap Region Size: 1M
 Heap Min Capacity: 8M
 Heap Initial Capacity: 128M
 Heap Max Capacity: 2022M
 Pre-touch: Disabled
 Parallel Workers: 4
 Concurrent Workers: 1
 Concurrent Refinement Workers: 4
 Periodic GC: Disabled
Heap:
 garbage-first heap   total 244736K, used 146944K [0x0000000081a00000, 0x0000000100000000)
  region size 1024K, 2 young (2048K), 2 survivors (2048K)
 Metaspace       used 14258K, committed 14400K, reserved 1064960K
  class space    used 1604K, committed 1664K, reserved 1048576K
GC Heap History (20 events):
Event: 0.540 GC heap after
{Heap after GC invocations=2 (full 0):
 garbage-first heap   total 131072K, used 7830K [0x0000000081a00000, 0x0000000100000000)
  region size 1024K, 1 young (1024K), 1 survivors (1024K)
 Metaspace       used 6928K, committed 7040K, reserved 1056768K
  class space    used 731K, committed 768K, reserved 1048576K
}
Event: 0.944 GC heap before
{Heap before GC invocations=2 (full 0):
 garbage-first heap   total 131072K, used 47766K [0x0000000081a00000, 0x0000000100000000)
  region size 1024K, 21 young (21504K), 1 survivors (1024K)
 Metaspace       used 11496K, committed 11648K, reserved 1064960K
  class space    used 1297K, committed 1344K, reserved 1048576K
}
Event: 0.947 GC heap after
{Heap after GC invocations=3 (full 0):
 garbage-first heap   total 131072K, used 20225K [0x0000000081a00000, 0x0000000100000000)
  region size 1024K, 3 young (3072K), 3 survivors (3072K)
 Metaspace       used 11496K, committed 11648K, reserved 1064960K
  class space    used 1297K, committed 1344K, reserved 1048576K
}
Event: 1.328 GC heap before
{Heap before GC invocations=3 (full 0):
 garbage-first heap   total 131072K, used 89857K [0x0000000081a00000, 0x0000000100000000)
  region size 1024K, 71 young (72704K), 3 survivors (3072K)
 Metaspace       used 13456K, committed 13632K, reserved 1064960K
  class space    used 1513K, committed 1600K, reserved 1048576K
}
Event: 1.336 GC heap after
{Heap after GC invocations=4 (full 0):
 garbage-first heap   total 131072K, used 28650K [0x0000000081a00000, 0x0000000100000000)
  region size 1024K, 9 young (9216K), 9 survivors (9216K)
 Metaspace       used 13456K, committed 13632K, reserved 1064960K
  class space    used 1513K, committed 1600K, reserved 1048576K
}
Event: 1.420 GC heap before
{Heap before GC invocations=4 (full 0):
 garbage-first heap   total 131072K, used 85994K [0x0000000081a00000, 0x0000000100000000)
  region size 1024K, 65 young (66560K), 9 survivors (9216K)
 Metaspace       used 13456K, committed 13632K, reserved 1064960K
  class space    used 1513K, committed 1600K, reserved 1048576K
}
Event: 1.429 GC heap after
{Heap after GC invocations=5 (full 0):
 garbage-first heap   total 131072K, used 29732K [0x0000000081a00000, 0x0000000100000000)
  region size 1024K, 2 young (2048K), 2 survivors (2048K)
 Metaspace       used 13456K, committed 13632K, reserved 1064960K
  class space    used 1513K, committed 1600K, reserved 1048576K
}
Event: 1.520 GC heap before
{Heap before GC invocations=5 (full 0):
 garbage-first heap   total 131072K, used 91172K [0x0000000081a00000, 0x0000000100000000)
  region size 1024K, 62 young (63488K), 2 survivors (2048K)
 Metaspace       used 13457K, committed 13632K, reserved 1064960K
  class space    used 1513K, committed 1600K, reserved 1048576K
}
Event: 1.522 GC heap after
{Heap after GC invocations=6 (full 0):
 garbage-first heap   total 131072K, used 30228K [0x0000000081a00000, 0x0000000100000000)
  region size 1024K, 2 young (2048K), 2 survivors (2048K)
 Metaspace       used 13457K, committed 13632K, reserved 1064960K
  class space    used 1513K, committed 1600K, reserved 1048576K
}
Event: 1.606 GC heap before
{Heap before GC invocations=6 (full 0):
 garbage-first heap   total 131072K, used 97812K [0x0000000081a00000, 0x0000000100000000)
  region size 1024K, 68 young (69632K), 2 survivors (2048K)
 Metaspace       used 13457K, committed 13632K, reserved 1064960K
  class space    used 1513K, committed 1600K, reserved 1048576K
}
Event: 1.608 GC heap after
{Heap after GC invocations=7 (full 0):
 garbage-first heap   total 174080K, used 30941K [0x0000000081a00000, 0x0000000100000000)
  region size 1024K, 3 young (3072K), 3 survivors (3072K)
 Metaspace       used 13457K, committed 13632K, reserved 1064960K
  class space    used 1513K, committed 1600K, reserved 1048576K
}
Event: 1.796 GC heap before
{Heap before GC invocations=7 (full 0):
 garbage-first heap   total 174080K, used 132317K [0x0000000081a00000, 0x0000000100000000)
  region size 1024K, 102 young (104448K), 3 survivors (3072K)
 Metaspace       used 13630K, committed 13760K, reserved 1064960K
  class space    used 1545K, committed 1600K, reserved 1048576K
}
Event: 1.806 GC heap after
{Heap after GC invocations=8 (full 0):
 garbage-first heap   total 174080K, used 39548K [0x0000000081a00000, 0x0000000100000000)
  region size 1024K, 11 young (11264K), 11 survivors (11264K)
 Metaspace       used 13630K, committed 13760K, reserved 1064960K
  class space    used 1545K, committed 1600K, reserved 1048576K
}
Event: 2.115 GC heap before
{Heap before GC invocations=8 (full 0):
 garbage-first heap   total 174080K, used 132732K [0x0000000081a00000, 0x0000000100000000)
  region size 1024K, 102 young (104448K), 11 survivors (11264K)
 Metaspace       used 13631K, committed 13760K, reserved 1064960K
  class space    used 1545K, committed 1600K, reserved 1048576K
}
Event: 2.177 GC heap after
{Heap after GC invocations=9 (full 0):
 garbage-first heap   total 216064K, used 110983K [0x0000000081a00000, 0x0000000100000000)
  region size 1024K, 13 young (13312K), 13 survivors (13312K)
 Metaspace       used 13631K, committed 13760K, reserved 1064960K
  class space    used 1545K, committed 1600K, reserved 1048576K
}
Event: 2.413 GC heap before
{Heap before GC invocations=9 (full 0):
 garbage-first heap   total 216064K, used 148871K [0x0000000081a00000, 0x0000000100000000)
  region size 1024K, 50 young (51200K), 13 survivors (13312K)
 Metaspace       used 14207K, committed 14400K, reserved 1064960K
  class space    used 1604K, committed 1664K, reserved 1048576K
}
Event: 2.436 GC heap after
{Heap after GC invocations=10 (full 0):
 garbage-first heap   total 216064K, used 137216K [0x0000000081a00000, 0x0000000100000000)
  region size 1024K, 7 young (7168K), 7 survivors (7168K)
 Metaspace       used 14207K, committed 14400K, reserved 1064960K
  class space    used 1604K, committed 1664K, reserved 1048576K
}
Event: 2.678 GC heap before
{Heap before GC invocations=11 (full 0):
 garbage-first heap   total 244736K, used 160768K [0x0000000081a00000, 0x0000000100000000)
  region size 1024K, 30 young (30720K), 7 survivors (7168K)
 Metaspace       used 14252K, committed 14400K, reserved 1064960K
  class space    used 1604K, committed 1664K, reserved 1048576K
}
Event: 2.693 GC heap after
{Heap after GC invocations=12 (full 0):
 garbage-first heap   total 244736K, used 144384K [0x0000000081a00000, 0x0000000100000000)
  region size 1024K, 4 young (4096K), 4 survivors (4096K)
 Metaspace       used 14252K, committed 14400K, reserved 1064960K
  class space    used 1604K, committed 1664K, reserved 1048576K
}
Event: 2.737 GC heap before
{Heap before GC invocations=12 (full 0):
 garbage-first heap   total 244736K, used 151552K [0x0000000081a00000, 0x0000000100000000)
  region size 1024K, 11 young (11264K), 4 survivors (4096K)
 Metaspace       used 14258K, committed 14400K, reserved 1064960K
  class space    used 1604K, committed 1664K, reserved 1048576K
}

