# JRE version: Java(TM) SE Runtime Environment (17.0.2+8) (build 17.0.2+8-LTS-86)
# Java VM: Java HotSpot(TM) 64-Bit Server VM (17.0.2+8-LTS-86, mixed mode, sharing, tiered, compressed oops, compressed class ptrs, g1 gc, windows-amd64)
GC Precious Log:
 CPUs: 4 total, 4 available
 Memory: 8082M
 Large Page Support: Disabled
 NUMA Support: Disabled
 Compressed Oops: Enabled (32-bit)
 Heap Region Size: 1M
 Heap Min Capacity: 8M
 Heap Initial Capacity: 128M
 Heap Max Capacity: 2022M
 Pre-touch: Disabled
 Parallel Workers: 4
 Concurrent Workers: 1
 Concurrent Refinement Workers: 4
 Periodic GC: Disabled
Heap:
 garbage-first heap   total 514048K, used 199514K [0x0000000081a00000, 0x0000000100000000)
  region size 1024K, 37 young (37888K), 16 survivors (16384K)
 Metaspace       used 27463K, committed 27776K, reserved 1081344K
  class space    used 3339K, committed 3456K, reserved 1048576K
GC Heap History (20 events):
Event: 1.465 GC heap before
{Heap before GC invocations=5 (full 0):
 garbage-first heap   total 131072K, used 89415K [0x0000000081a00000, 0x0000000100000000)
  region size 1024K, 60 young (61440K), 2 survivors (2048K)
 Metaspace       used 13464K, committed 13632K, reserved 1064960K
  class space    used 1513K, committed 1600K, reserved 1048576K
}
Event: 1.466 GC heap after
{Heap after GC invocations=6 (full 0):
 garbage-first heap   total 131072K, used 30123K [0x0000000081a00000, 0x0000000100000000)
  region size 1024K, 2 young (2048K), 2 survivors (2048K)
 Metaspace       used 13464K, committed 13632K, reserved 1064960K
  class space    used 1513K, committed 1600K, reserved 1048576K
}
Event: 1.534 GC heap before
{Heap before GC invocations=6 (full 0):
 garbage-first heap   total 131072K, used 96683K [0x0000000081a00000, 0x0000000100000000)
  region size 1024K, 67 young (68608K), 2 survivors (2048K)
 Metaspace       used 13464K, committed 13632K, reserved 1064960K
  class space    used 1513K, committed 1600K, reserved 1048576K
}
Event: 1.536 GC heap after
{Heap after GC invocations=7 (full 0):
 garbage-first heap   total 131072K, used 30865K [0x0000000081a00000, 0x0000000100000000)
  region size 1024K, 3 young (3072K), 3 survivors (3072K)
 Metaspace       used 13464K, committed 13632K, reserved 1064960K
  class space    used 1513K, committed 1600K, reserved 1048576K
}
Event: 1.600 GC heap before
{Heap before GC invocations=7 (full 0):
 garbage-first heap   total 131072K, used 99473K [0x0000000081a00000, 0x0000000100000000)
  region size 1024K, 70 young (71680K), 3 survivors (3072K)
 Metaspace       used 13468K, committed 13632K, reserved 1064960K
  class space    used 1513K, committed 1600K, reserved 1048576K
}
Event: 1.602 GC heap after
{Heap after GC invocations=8 (full 0):
 garbage-first heap   total 176128K, used 31744K [0x0000000081a00000, 0x0000000100000000)
  region size 1024K, 3 young (3072K), 3 survivors (3072K)
 Metaspace       used 13468K, committed 13632K, reserved 1064960K
  class space    used 1513K, committed 1600K, reserved 1048576K
}
Event: 1.912 GC heap before
{Heap before GC invocations=8 (full 0):
 garbage-first heap   total 176128K, used 134144K [0x0000000081a00000, 0x0000000100000000)
  region size 1024K, 103 young (105472K), 3 survivors (3072K)
 Metaspace       used 13638K, committed 13760K, reserved 1064960K
  class space    used 1545K, committed 1600K, reserved 1048576K
}
Event: 1.961 GC heap after
{Heap after GC invocations=9 (full 0):
 garbage-first heap   total 196608K, used 90947K [0x0000000081a00000, 0x0000000100000000)
  region size 1024K, 13 young (13312K), 13 survivors (13312K)
 Metaspace       used 13638K, committed 13760K, reserved 1064960K
  class space    used 1545K, committed 1600K, reserved 1048576K
}
Event: 2.073 GC heap before
{Heap before GC invocations=9 (full 0):
 garbage-first heap   total 196608K, used 132931K [0x0000000081a00000, 0x0000000100000000)
  region size 1024K, 54 young (55296K), 13 survivors (13312K)
 Metaspace       used 13638K, committed 13760K, reserved 1064960K
  class space    used 1545K, committed 1600K, reserved 1048576K
}
Event: 2.116 GC heap after
{Heap after GC invocations=10 (full 0):
 garbage-first heap   total 196608K, used 123904K [0x0000000081a00000, 0x0000000100000000)
  region size 1024K, 7 young (7168K), 7 survivors (7168K)
 Metaspace       used 13638K, committed 13760K, reserved 1064960K
  class space    used 1545K, committed 1600K, reserved 1048576K
}
Event: 2.253 GC heap before
{Heap before GC invocations=10 (full 0):
 garbage-first heap   total 196608K, used 144384K [0x0000000081a00000, 0x0000000100000000)
  region size 1024K, 28 young (28672K), 7 survivors (7168K)
 Metaspace       used 14193K, committed 14336K, reserved 1064960K
  class space    used 1606K, committed 1664K, reserved 1048576K
}
Event: 2.266 GC heap after
{Heap after GC invocations=11 (full 0):
 garbage-first heap   total 196608K, used 137216K [0x0000000081a00000, 0x0000000100000000)
  region size 1024K, 4 young (4096K), 4 survivors (4096K)
 Metaspace       used 14193K, committed 14336K, reserved 1064960K
  class space    used 1606K, committed 1664K, reserved 1048576K
}
Event: 2.418 GC heap before
{Heap before GC invocations=11 (full 0):
 garbage-first heap   total 252928K, used 152576K [0x0000000081a00000, 0x0000000100000000)
  region size 1024K, 19 young (19456K), 4 survivors (4096K)
 Metaspace       used 14253K, committed 14400K, reserved 1064960K
  class space    used 1606K, committed 1664K, reserved 1048576K
}
Event: 2.428 GC heap after
{Heap after GC invocations=12 (full 0):
 garbage-first heap   total 252928K, used 142336K [0x0000000081a00000, 0x0000000100000000)
  region size 1024K, 3 young (3072K), 3 survivors (3072K)
 Metaspace       used 14253K, committed 14400K, reserved 1064960K
  class space    used 1606K, committed 1664K, reserved 1048576K
}
Event: 2.597 GC heap before
{Heap before GC invocations=13 (full 0):
 garbage-first heap   total 252928K, used 177152K [0x0000000081a00000, 0x0000000100000000)
  region size 1024K, 37 young (37888K), 3 survivors (3072K)
 Metaspace       used 14275K, committed 14464K, reserved 1064960K
  class space    used 1606K, committed 1664K, reserved 1048576K
}
Event: 2.613 GC heap after
{Heap after GC invocations=14 (full 0):
 garbage-first heap   total 252928K, used 152576K [0x0000000081a00000, 0x0000000100000000)
  region size 1024K, 5 young (5120K), 5 survivors (5120K)
 Metaspace       used 14275K, committed 14464K, reserved 1064960K
  class space    used 1606K, committed 1664K, reserved 1048576K
}
Event: 2.728 GC heap before
{Heap before GC invocations=14 (full 0):
 garbage-first heap   total 252928K, used 185344K [0x0000000081a00000, 0x0000000100000000)
  region size 1024K, 37 young (37888K), 5 survivors (5120K)
 Metaspace       used 14275K, committed 14464K, reserved 1064960K
  class space    used 1606K, committed 1664K, reserved 1048576K
}
Event: 2.753 GC heap after
{Heap after GC invocations=15 (full 0):
 garbage-first heap   total 514048K, used 162180K [0x0000000081a00000, 0x0000000100000000)
  region size 1024K, 5 young (5120K), 5 survivors (5120K)
 Metaspace       used 14275K, committed 14464K, reserved 1064960K
  class space    used 1606K, committed 1664K, reserved 1048576K
}
Event: 4.177 GC heap before
{Heap before GC invocations=16 (full 0):
 garbage-first heap   total 514048K, used 246148K [0x0000000081a00000, 0x0000000100000000)
  region size 1024K, 88 young (90112K), 5 survivors (5120K)
 Metaspace       used 23813K, committed 24000K, reserved 1073152K
  class space    used 2825K, committed 2944K, reserved 1048576K
}
Event: 4.218 GC heap after
{Heap after GC invocations=17 (full 0):
 garbage-first heap   total 514048K, used 179034K [0x0000000081a00000, 0x0000000100000000)
  region size 1024K, 16 young (16384K), 16 survivors (16384K)
 Metaspace       used 23813K, committed 24000K, reserved 1073152K
  class space    used 2825K, committed 2944K, reserved 1048576K
}

